[Android_Pixel_3 INFO ] 2022-01-24 02:28:15.290 ServerManager:27 - starting appium server
[Android_Pixel_3 INFO ] 2022-01-24 02:28:15.991 ServerManager:43 - Appium server started
[Android_Pixel_3 INFO ] 2022-01-24 02:28:16.016 DriverManager:28 - initializing Appium driver
[Android_Pixel_3 INFO ] 2022-01-24 02:28:16.026 PropertyManager:17 - loading config properties
[Android_Pixel_3 INFO ] 2022-01-24 02:28:16.028 CapabilitiesManager:18 - getting capabilities
[Android_Pixel_3 INFO ] 2022-01-24 02:28:16.029 CapabilitiesManager:36 - appUrl is/Users/rajatverma/OneDrive/Email_95_Data/OneDrive_Eclipse_WS/LearningWS/Final_Code/MasterAppiumFramework_BDD_TestNG/src/test/resources/app/Android.SauceLabs.Mobile.Sample.app.2.7.1.apk
[Android_Pixel_3 INFO ] 2022-01-24 02:28:57.649 DriverManager:40 - Driver is initialized
[Android_Pixel_3 INFO ] 2022-01-24 02:29:05.741 BasePage:78 - login with invalidUsername
[Android_Pixel_3 INFO ] 2022-01-24 02:29:08.421 BasePage:78 - password is secret_sauce
[Android_Pixel_3 INFO ] 2022-01-24 02:29:09.865 BasePage:61 - press login button
[Android_Pixel_3 INFO ] 2022-01-24 02:29:14.580 BasePage:104 - error text is - Username and password do not match any user in this service.
[Android_Pixel_3 INFO ] 2022-01-24 02:29:24.687 VideoManager:35 - video path: Android_Pixel_3/Videos/Login with invalid user name.mp4
[Android_Pixel_3 INFO ] 2022-01-24 02:29:28.626 BasePage:78 - login with standard_user
[Android_Pixel_3 INFO ] 2022-01-24 02:29:30.919 BasePage:78 - password is invalidPassword
[Android_Pixel_3 INFO ] 2022-01-24 02:29:32.190 BasePage:61 - press login button
[Android_Pixel_3 INFO ] 2022-01-24 02:29:33.709 BasePage:104 - error text is - Username and password do not match any user in this service.
[Android_Pixel_3 INFO ] 2022-01-24 02:29:36.514 VideoManager:35 - video path: Android_Pixel_3/Videos/Login with invalid password.mp4
[Android_Pixel_3 INFO ] 2022-01-24 02:29:38.772 BasePage:78 - login with standard_user
[Android_Pixel_3 INFO ] 2022-01-24 02:29:42.733 BasePage:78 - password is secret_sauce
[Android_Pixel_3 INFO ] 2022-01-24 02:29:45.633 BasePage:61 - press login button
[Android_Pixel_3 INFO ] 2022-01-24 02:30:04.836 VideoManager:35 - video path: Android_Pixel_3/Videos/Login with valid user name and password.mp4
